[debug] [2021-04-15T10:52:07.461Z] ----------------------------------------------------------------------
[debug] [2021-04-15T10:52:07.463Z] Command:       /usr/local/bin/node /usr/local/bin/firebase deploy
[debug] [2021-04-15T10:52:07.463Z] CLI Version:   9.7.0
[debug] [2021-04-15T10:52:07.463Z] Platform:      darwin
[debug] [2021-04-15T10:52:07.463Z] Node Version:  v14.15.4
[debug] [2021-04-15T10:52:07.464Z] Time:          Thu Apr 15 2021 06:52:07 GMT-0400 (Eastern Daylight Time)
[debug] [2021-04-15T10:52:07.464Z] ----------------------------------------------------------------------
[debug] 
[debug] [2021-04-15T10:52:07.470Z] > command requires scopes: ["email","openid","https://www.googleapis.com/auth/cloudplatformprojects.readonly","https://www.googleapis.com/auth/firebase","https://www.googleapis.com/auth/cloud-platform"]
[debug] [2021-04-15T10:52:07.470Z] > authorizing via signed-in user
[debug] [2021-04-15T10:52:07.470Z] [iam] checking project nudge-2e82e for permissions ["cloudfunctions.functions.create","cloudfunctions.functions.delete","cloudfunctions.functions.get","cloudfunctions.functions.list","cloudfunctions.functions.update","cloudfunctions.operations.get","datastore.indexes.create","datastore.indexes.delete","datastore.indexes.list","datastore.indexes.update","firebase.projects.get"]
[debug] [2021-04-15T10:52:07.472Z] > refreshing access token with scopes: ["email","https://www.googleapis.com/auth/cloud-platform","https://www.googleapis.com/auth/cloudplatformprojects.readonly","https://www.googleapis.com/auth/firebase","openid"]
[debug] [2021-04-15T10:52:07.472Z] >>> HTTP REQUEST POST https://www.googleapis.com/oauth2/v3/token  
 <request body omitted>
[debug] [2021-04-15T10:52:07.572Z] <<< HTTP RESPONSE 200 {"pragma":"no-cache","expires":"Mon, 01 Jan 1990 00:00:00 GMT","cache-control":"no-cache, no-store, max-age=0, must-revalidate","date":"Thu, 15 Apr 2021 10:52:07 GMT","content-type":"application/json; charset=utf-8","vary":"X-Origin, Referer, Origin,Accept-Encoding","server":"scaffolding on HTTPServer2","x-xss-protection":"0","x-frame-options":"SAMEORIGIN","x-content-type-options":"nosniff","alt-svc":"h3-29=\":443\"; ma=2592000,h3-T051=\":443\"; ma=2592000,h3-Q050=\":443\"; ma=2592000,h3-Q046=\":443\"; ma=2592000,h3-Q043=\":443\"; ma=2592000,quic=\":443\"; ma=2592000; v=\"46,43\"","accept-ranges":"none","transfer-encoding":"chunked"}
[debug] [2021-04-15T10:52:07.603Z] >>> HTTP REQUEST POST https://cloudresourcemanager.googleapis.com/v1/projects/nudge-2e82e:testIamPermissions  
 {"permissions":["cloudfunctions.functions.create","cloudfunctions.functions.delete","cloudfunctions.functions.get","cloudfunctions.functions.list","cloudfunctions.functions.update","cloudfunctions.operations.get","datastore.indexes.create","datastore.indexes.delete","datastore.indexes.list","datastore.indexes.update","firebase.projects.get"]}
[debug] [2021-04-15T10:52:07.722Z] <<< HTTP RESPONSE 200 {"content-type":"application/json; charset=UTF-8","vary":"X-Origin, Referer, Origin,Accept-Encoding","date":"Thu, 15 Apr 2021 10:52:07 GMT","server":"ESF","cache-control":"private","x-xss-protection":"0","x-frame-options":"SAMEORIGIN","x-content-type-options":"nosniff","server-timing":"gfet4t7; dur=58","alt-svc":"h3-29=\":443\"; ma=2592000,h3-T051=\":443\"; ma=2592000,h3-Q050=\":443\"; ma=2592000,h3-Q046=\":443\"; ma=2592000,h3-Q043=\":443\"; ma=2592000,quic=\":443\"; ma=2592000; v=\"46,43\"","accept-ranges":"none","transfer-encoding":"chunked"}
[debug] [2021-04-15T10:52:07.723Z] >>> HTTP REQUEST POST https://iam.googleapis.com/v1/projects/nudge-2e82e/serviceAccounts/nudge-2e82e@appspot.gserviceaccount.com:testIamPermissions  
 {"permissions":["iam.serviceAccounts.actAs"]}
[debug] [2021-04-15T10:52:07.901Z] <<< HTTP RESPONSE 200 {"content-type":"application/json; charset=UTF-8","vary":"X-Origin, Referer, Origin,Accept-Encoding","date":"Thu, 15 Apr 2021 10:52:08 GMT","server":"ESF","cache-control":"private","x-xss-protection":"0","x-frame-options":"SAMEORIGIN","x-content-type-options":"nosniff","alt-svc":"h3-29=\":443\"; ma=2592000,h3-T051=\":443\"; ma=2592000,h3-Q050=\":443\"; ma=2592000,h3-Q046=\":443\"; ma=2592000,h3-Q043=\":443\"; ma=2592000,quic=\":443\"; ma=2592000; v=\"46,43\"","accept-ranges":"none","transfer-encoding":"chunked"}
[info] 
[info] === Deploying to 'nudge-2e82e'...
[info] 
[info] i  deploying firestore, functions 
[info] Running command: npm --prefix "$RESOURCE_DIR" run build
[info] ✔  functions: Finished running predeploy script. 
[info] i  firestore: reading indexes from firestore.indexes.json... 
[info] i  cloud.firestore: checking firestore.rules for compilation errors... 
[debug] [2021-04-15T10:52:14.106Z] >>> HTTP REQUEST POST https://firebaserules.googleapis.com/v1/projects/nudge-2e82e:test  
 {"source":{"files":[{"name":"firestore.rules","content":"rules_version = '2';\nservice cloud.firestore {\n  match /databases/{database}/documents {\n    match /{document=**} {\n      allow read, write: if\n          request.time < timestamp.date(2021, 4, 24);\n    }\n  }\n}"}]}}
[debug] [2021-04-15T10:52:14.290Z] <<< HTTP RESPONSE 200 {"content-type":"application/json; charset=UTF-8","vary":"X-Origin, Referer, Origin,Accept-Encoding","date":"Thu, 15 Apr 2021 10:52:14 GMT","server":"ESF","cache-control":"private","x-xss-protection":"0","x-frame-options":"SAMEORIGIN","x-content-type-options":"nosniff","alt-svc":"h3-29=\":443\"; ma=2592000,h3-T051=\":443\"; ma=2592000,h3-Q050=\":443\"; ma=2592000,h3-Q046=\":443\"; ma=2592000,h3-Q043=\":443\"; ma=2592000,quic=\":443\"; ma=2592000; v=\"46,43\"","accept-ranges":"none","transfer-encoding":"chunked"}
[info] ✔  cloud.firestore: rules file firestore.rules compiled successfully 
[info] i  functions: ensuring required API cloudfunctions.googleapis.com is enabled... 
[info] i  functions: ensuring required API cloudbuild.googleapis.com is enabled... 
[debug] [2021-04-15T10:52:15.353Z] >>> HTTP REQUEST GET https://serviceusage.googleapis.com/v1/projects/nudge-2e82e/services/cloudfunctions.googleapis.com  
 
[debug] [2021-04-15T10:52:15.353Z] >>> HTTP REQUEST GET https://serviceusage.googleapis.com/v1/projects/nudge-2e82e/services/runtimeconfig.googleapis.com  
 
[debug] [2021-04-15T10:52:15.354Z] >>> HTTP REQUEST GET https://serviceusage.googleapis.com/v1/projects/nudge-2e82e/services/cloudbuild.googleapis.com  
 
[debug] [2021-04-15T10:52:15.727Z] <<< HTTP RESPONSE 200 {"content-type":"application/json; charset=UTF-8","vary":"X-Origin, Referer, Origin,Accept-Encoding","date":"Thu, 15 Apr 2021 10:52:15 GMT","server":"ESF","cache-control":"private","x-xss-protection":"0","x-frame-options":"SAMEORIGIN","x-content-type-options":"nosniff","alt-svc":"h3-29=\":443\"; ma=2592000,h3-T051=\":443\"; ma=2592000,h3-Q050=\":443\"; ma=2592000,h3-Q046=\":443\"; ma=2592000,h3-Q043=\":443\"; ma=2592000,quic=\":443\"; ma=2592000; v=\"46,43\"","accept-ranges":"none","transfer-encoding":"chunked"}
[info] ✔  functions: required API cloudbuild.googleapis.com is enabled 
[debug] [2021-04-15T10:52:15.733Z] <<< HTTP RESPONSE 200 {"content-type":"application/json; charset=UTF-8","vary":"X-Origin, Referer, Origin,Accept-Encoding","date":"Thu, 15 Apr 2021 10:52:15 GMT","server":"ESF","cache-control":"private","x-xss-protection":"0","x-frame-options":"SAMEORIGIN","x-content-type-options":"nosniff","alt-svc":"h3-29=\":443\"; ma=2592000,h3-T051=\":443\"; ma=2592000,h3-Q050=\":443\"; ma=2592000,h3-Q046=\":443\"; ma=2592000,h3-Q043=\":443\"; ma=2592000,quic=\":443\"; ma=2592000; v=\"46,43\"","accept-ranges":"none","transfer-encoding":"chunked"}
[debug] [2021-04-15T10:52:15.749Z] <<< HTTP RESPONSE 200 {"content-type":"application/json; charset=UTF-8","vary":"X-Origin, Referer, Origin,Accept-Encoding","date":"Thu, 15 Apr 2021 10:52:15 GMT","server":"ESF","cache-control":"private","x-xss-protection":"0","x-frame-options":"SAMEORIGIN","x-content-type-options":"nosniff","alt-svc":"h3-29=\":443\"; ma=2592000,h3-T051=\":443\"; ma=2592000,h3-Q050=\":443\"; ma=2592000,h3-Q046=\":443\"; ma=2592000,h3-Q043=\":443\"; ma=2592000,quic=\":443\"; ma=2592000; v=\"46,43\"","accept-ranges":"none","transfer-encoding":"chunked"}
[info] ✔  functions: required API cloudfunctions.googleapis.com is enabled 
[debug] [2021-04-15T10:52:15.750Z] >>> HTTP REQUEST GET https://firebase.googleapis.com/v1beta1/projects/nudge-2e82e/adminSdkConfig  
 
[debug] [2021-04-15T10:52:15.997Z] <<< HTTP RESPONSE 200 {"content-type":"application/json; charset=UTF-8","vary":"X-Origin, Referer, Origin,Accept-Encoding","date":"Thu, 15 Apr 2021 10:52:16 GMT","server":"ESF","cache-control":"private","x-xss-protection":"0","x-frame-options":"SAMEORIGIN","x-content-type-options":"nosniff","alt-svc":"h3-29=\":443\"; ma=2592000,h3-T051=\":443\"; ma=2592000,h3-Q050=\":443\"; ma=2592000,h3-Q046=\":443\"; ma=2592000,h3-Q043=\":443\"; ma=2592000,quic=\":443\"; ma=2592000; v=\"46,43\"","accept-ranges":"none","transfer-encoding":"chunked"}
[info] i  functions: preparing functions directory for uploading... 
[debug] [2021-04-15T10:52:15.998Z] >>> HTTP REQUEST GET https://runtimeconfig.googleapis.com/v1beta1/projects/nudge-2e82e/configs  
 
[debug] [2021-04-15T10:52:16.399Z] <<< HTTP RESPONSE 200 {"content-type":"application/json; charset=UTF-8","vary":"X-Origin, Referer, Origin,Accept-Encoding","date":"Thu, 15 Apr 2021 10:52:16 GMT","server":"ESF","cache-control":"private","x-xss-protection":"0","x-frame-options":"SAMEORIGIN","x-content-type-options":"nosniff","alt-svc":"h3-29=\":443\"; ma=2592000,h3-T051=\":443\"; ma=2592000,h3-Q050=\":443\"; ma=2592000,h3-Q046=\":443\"; ma=2592000,h3-Q043=\":443\"; ma=2592000,quic=\":443\"; ma=2592000; v=\"46,43\"","accept-ranges":"none","transfer-encoding":"chunked"}
[info] i  functions: packaged functions (50.46 KB) for uploading 
[debug] [2021-04-15T10:52:16.587Z] > [functions] package.json contents: {
  "name": "functions",
  "scripts": {
    "lint": "eslint --ext .js,.ts .",
    "build": "tsc",
    "serve": "npm run build && firebase emulators:start --only functions",
    "shell": "npm run build && firebase functions:shell",
    "start": "npm run shell",
    "deploy": "firebase deploy --only functions",
    "logs": "firebase functions:log"
  },
  "engines": {
    "node": "12"
  },
  "main": "lib/index.js",
  "dependencies": {
    "firebase-admin": "^9.2.0",
    "firebase-functions": "^3.11.0"
  },
  "devDependencies": {
    "@typescript-eslint/eslint-plugin": "^3.9.1",
    "@typescript-eslint/parser": "^3.8.0",
    "eslint": "^7.6.0",
    "eslint-config-google": "^0.14.0",
    "eslint-plugin-import": "^2.22.0",
    "firebase-functions-test": "^0.2.0",
    "typescript": "^3.8.0"
  },
  "private": true
}
[debug] [2021-04-15T10:52:16.589Z] >>> HTTP REQUEST GET https://firebaserules.googleapis.com/v1/projects/nudge-2e82e/releases?pageSize=10&pageToken=  
 
[debug] [2021-04-15T10:52:16.590Z] >>> HTTP REQUEST GET https://firestore.googleapis.com/v1/projects/nudge-2e82e/databases/(default)/collectionGroups/-/indexes  
 
[debug] [2021-04-15T10:52:16.740Z] <<< HTTP RESPONSE 200 {"content-type":"application/json; charset=UTF-8","vary":"X-Origin, Referer, Origin,Accept-Encoding","date":"Thu, 15 Apr 2021 10:52:16 GMT","server":"ESF","cache-control":"private","x-xss-protection":"0","x-frame-options":"SAMEORIGIN","x-content-type-options":"nosniff","alt-svc":"h3-29=\":443\"; ma=2592000,h3-T051=\":443\"; ma=2592000,h3-Q050=\":443\"; ma=2592000,h3-Q046=\":443\"; ma=2592000,h3-Q043=\":443\"; ma=2592000,quic=\":443\"; ma=2592000; v=\"46,43\"","accept-ranges":"none","transfer-encoding":"chunked"}
[debug] [2021-04-15T10:52:16.741Z] >>> HTTP REQUEST GET https://firebaserules.googleapis.com/v1/projects/nudge-2e82e/rulesets/c9466f61-57c7-4872-9da3-a9ca7fe09624  
 
[debug] [2021-04-15T10:52:16.874Z] <<< HTTP RESPONSE 200 {"content-type":"application/json; charset=UTF-8","vary":"X-Origin, Referer, Origin,Accept-Encoding","date":"Thu, 15 Apr 2021 10:52:17 GMT","server":"ESF","cache-control":"private","x-xss-protection":"0","x-frame-options":"SAMEORIGIN","x-content-type-options":"nosniff","alt-svc":"h3-29=\":443\"; ma=2592000,h3-T051=\":443\"; ma=2592000,h3-Q050=\":443\"; ma=2592000,h3-Q046=\":443\"; ma=2592000,h3-Q043=\":443\"; ma=2592000,quic=\":443\"; ma=2592000; v=\"46,43\"","accept-ranges":"none","transfer-encoding":"chunked"}
[info] i  firestore: latest version of firestore.rules already up to date, skipping upload... 
[debug] [2021-04-15T10:52:16.901Z] <<< HTTP RESPONSE 200 {"content-type":"application/json; charset=UTF-8","vary":"X-Origin, Referer, Origin,Accept-Encoding","date":"Thu, 15 Apr 2021 10:52:17 GMT","server":"ESF","cache-control":"private","x-xss-protection":"0","x-frame-options":"SAMEORIGIN","x-content-type-options":"nosniff","alt-svc":"h3-29=\":443\"; ma=2592000,h3-T051=\":443\"; ma=2592000,h3-Q050=\":443\"; ma=2592000,h3-Q046=\":443\"; ma=2592000,h3-Q043=\":443\"; ma=2592000,quic=\":443\"; ma=2592000; v=\"46,43\"","accept-ranges":"none","transfer-encoding":"chunked"}
[debug] [2021-04-15T10:52:16.902Z] >>> HTTP REQUEST GET https://firestore.googleapis.com/v1/projects/nudge-2e82e/databases/(default)/collectionGroups/-/fields?filter=indexConfig.usesAncestorConfig=false  
 
[debug] [2021-04-15T10:52:17.196Z] <<< HTTP RESPONSE 200 {"content-type":"application/json; charset=UTF-8","vary":"X-Origin, Referer, Origin,Accept-Encoding","date":"Thu, 15 Apr 2021 10:52:17 GMT","server":"ESF","cache-control":"private","x-xss-protection":"0","x-frame-options":"SAMEORIGIN","x-content-type-options":"nosniff","alt-svc":"h3-29=\":443\"; ma=2592000,h3-T051=\":443\"; ma=2592000,h3-Q050=\":443\"; ma=2592000,h3-Q046=\":443\"; ma=2592000,h3-Q043=\":443\"; ma=2592000,quic=\":443\"; ma=2592000; v=\"46,43\"","accept-ranges":"none","transfer-encoding":"chunked"}
[info] ✔  firestore: deployed indexes in firestore.indexes.json successfully 
[debug] [2021-04-15T10:52:17.197Z] >>> HTTP REQUEST GET https://cloudfunctions.googleapis.com/v1/projects/nudge-2e82e/locations/-/functions  
 
[debug] [2021-04-15T10:52:17.680Z] <<< HTTP RESPONSE 200 {"content-type":"application/json; charset=UTF-8","vary":"X-Origin, Referer, Origin,Accept-Encoding","date":"Thu, 15 Apr 2021 10:52:17 GMT","server":"ESF","cache-control":"private","x-xss-protection":"0","x-frame-options":"SAMEORIGIN","x-content-type-options":"nosniff","alt-svc":"h3-29=\":443\"; ma=2592000,h3-T051=\":443\"; ma=2592000,h3-Q050=\":443\"; ma=2592000,h3-Q046=\":443\"; ma=2592000,h3-Q043=\":443\"; ma=2592000,quic=\":443\"; ma=2592000; v=\"46,43\"","accept-ranges":"none","transfer-encoding":"chunked"}
[debug] [2021-04-15T10:52:17.681Z] >>> HTTP REQUEST POST https://cloudfunctions.googleapis.com/v1/projects/nudge-2e82e/locations/us-central1/functions:generateUploadUrl  
 
[debug] [2021-04-15T10:52:18.346Z] <<< HTTP RESPONSE 200 {"content-type":"application/json; charset=UTF-8","vary":"X-Origin, Referer, Origin,Accept-Encoding","date":"Thu, 15 Apr 2021 10:52:18 GMT","server":"ESF","cache-control":"private","x-xss-protection":"0","x-frame-options":"SAMEORIGIN","x-content-type-options":"nosniff","alt-svc":"h3-29=\":443\"; ma=2592000,h3-T051=\":443\"; ma=2592000,h3-Q050=\":443\"; ma=2592000,h3-Q046=\":443\"; ma=2592000,h3-Q043=\":443\"; ma=2592000,quic=\":443\"; ma=2592000; v=\"46,43\"","accept-ranges":"none","transfer-encoding":"chunked"}
[debug] [2021-04-15T10:52:18.346Z] >>> HTTP REQUEST PUT https://storage.googleapis.com/gcf-upload-us-central1-b065c348-dd57-4093-b485-4743ecf9246f/900de1d7-984d-474e-8354-6f8c64c37672.zip?GoogleAccessId=service-812331716354@gcf-admin-robot.iam.gserviceaccount.com&Expires=1618485738&Signature=okpjSg6SobuvmDQOsvC8eNolsEpp3uRfiswkEdAFvpOocO5UU2U5gY0toBTej5EuThZmUF3p8%2BJfb%2FHivonyewrVNIo5uBLjZs%2BBDBCH2chIoy3nbBKOzpOuYkx5VQD6TE2cO1itE6sY%2FV18PI0gnaFW%2BybJuvlo%2FZAAm80ieKl7%2FhxYkoF3FWqSuUepU%2BYjpDyRxOQhyrNeBGTLg%2FNq7dfgXwkLpY66ThuxeMxnm0qc265B4gUoLIcKLF7M%2BIeRB3MvW71MIvtIMX2hmi0FRPgUI%2FqdqAc9CrDtKqjkzA1A%2FKfFNBhGTXWAVd3pbhuJDRvBDSPnd1K9fCRzVBgyPQ%3D%3D  
 <request body omitted>
[debug] [2021-04-15T10:52:18.497Z] <<< HTTP RESPONSE 200 {"x-guploader-uploadid":"ABg5-UzwX5F1b8a0vpctuwzQzIRjzf7eXGgX8Yv9QsrBz9WCmYePF31zx-xr3HS6huO66LRPQIeZcOip9PUZ58OkAtyF1CIXkQ","etag":"\"2359695c14099615163cb5cd6b1ab42b\"","x-goog-generation":"1618483938625056","x-goog-metageneration":"1","x-goog-hash":"crc32c=uHG54A==, md5=I1lpXBQJlhUWPLXNaxq0Kw==","x-goog-stored-content-length":"51666","x-goog-stored-content-encoding":"identity","vary":"Origin","content-length":"0","date":"Thu, 15 Apr 2021 10:52:18 GMT","server":"UploadServer","content-type":"text/html; charset=UTF-8","alt-svc":"h3-29=\":443\"; ma=2592000,h3-T051=\":443\"; ma=2592000,h3-Q050=\":443\"; ma=2592000,h3-Q046=\":443\"; ma=2592000,h3-Q043=\":443\"; ma=2592000,quic=\":443\"; ma=2592000; v=\"46,43\""}
[info] ✔  functions: functions folder uploaded successfully 
[debug] [2021-04-15T10:52:18.498Z] [rules] releasing cloud.firestore with ruleset projects/nudge-2e82e/rulesets/c9466f61-57c7-4872-9da3-a9ca7fe09624
[debug] [2021-04-15T10:52:18.499Z] >>> HTTP REQUEST PATCH https://firebaserules.googleapis.com/v1/projects/nudge-2e82e/releases/cloud.firestore  
 {"release":{"name":"projects/nudge-2e82e/releases/cloud.firestore","rulesetName":"projects/nudge-2e82e/rulesets/c9466f61-57c7-4872-9da3-a9ca7fe09624"}}
[debug] [2021-04-15T10:52:18.844Z] <<< HTTP RESPONSE 200 {"content-type":"application/json; charset=UTF-8","vary":"X-Origin, Referer, Origin,Accept-Encoding","date":"Thu, 15 Apr 2021 10:52:18 GMT","server":"ESF","cache-control":"private","x-xss-protection":"0","x-frame-options":"SAMEORIGIN","x-content-type-options":"nosniff","alt-svc":"h3-29=\":443\"; ma=2592000,h3-T051=\":443\"; ma=2592000,h3-Q050=\":443\"; ma=2592000,h3-Q046=\":443\"; ma=2592000,h3-Q043=\":443\"; ma=2592000,quic=\":443\"; ma=2592000; v=\"46,43\"","accept-ranges":"none","transfer-encoding":"chunked"}
[debug] [2021-04-15T10:52:18.844Z] [rules] updated release projects/nudge-2e82e/releases/cloud.firestore
[info] ✔  firestore: released rules firestore.rules to cloud.firestore 
[info] i  functions: updating Node.js 12 function addContact(us-central1)... 
[debug] [2021-04-15T10:52:18.848Z] >>> HTTP REQUEST PATCH https://cloudfunctions.googleapis.com/v1/projects/nudge-2e82e/locations/us-central1/functions/addContact {"updateMask":"sourceUploadUrl,name,labels,runtime,environmentVariables,httpsTrigger"} 
 {"sourceUploadUrl":"https://storage.googleapis.com/gcf-upload-us-central1-b065c348-dd57-4093-b485-4743ecf9246f/900de1d7-984d-474e-8354-6f8c64c37672.zip?GoogleAccessId=service-812331716354@gcf-admin-robot.iam.gserviceaccount.com&Expires=1618485738&Signature=okpjSg6SobuvmDQOsvC8eNolsEpp3uRfiswkEdAFvpOocO5UU2U5gY0toBTej5EuThZmUF3p8%2BJfb%2FHivonyewrVNIo5uBLjZs%2BBDBCH2chIoy3nbBKOzpOuYkx5VQD6TE2cO1itE6sY%2FV18PI0gnaFW%2BybJuvlo%2FZAAm80ieKl7%2FhxYkoF3FWqSuUepU%2BYjpDyRxOQhyrNeBGTLg%2FNq7dfgXwkLpY66ThuxeMxnm0qc265B4gUoLIcKLF7M%2BIeRB3MvW71MIvtIMX2hmi0FRPgUI%2FqdqAc9CrDtKqjkzA1A%2FKfFNBhGTXWAVd3pbhuJDRvBDSPnd1K9fCRzVBgyPQ%3D%3D","name":"projects/nudge-2e82e/locations/us-central1/functions/addContact","labels":{"deployment-tool":"cli-firebase","deployment-callable":"true"},"httpsTrigger":{},"runtime":"nodejs12","environmentVariables":{"FIREBASE_CONFIG":"{\"projectId\":\"nudge-2e82e\",\"storageBucket\":\"nudge-2e82e.appspot.com\",\"locationId\":\"us-central\"}"}}
[debug] [2021-04-15T10:52:19.347Z] <<< HTTP RESPONSE 200 {"content-type":"application/json; charset=UTF-8","vary":"X-Origin, Referer, Origin,Accept-Encoding","date":"Thu, 15 Apr 2021 10:52:19 GMT","server":"ESF","cache-control":"private","x-xss-protection":"0","x-frame-options":"SAMEORIGIN","x-content-type-options":"nosniff","alt-svc":"h3-29=\":443\"; ma=2592000,h3-T051=\":443\"; ma=2592000,h3-Q050=\":443\"; ma=2592000,h3-Q046=\":443\"; ma=2592000,h3-Q043=\":443\"; ma=2592000,quic=\":443\"; ma=2592000; v=\"46,43\"","accept-ranges":"none","transfer-encoding":"chunked"}
[debug] [2021-04-15T10:52:19.348Z] > refreshing access token with scopes: []
[debug] [2021-04-15T10:52:19.349Z] >>> HTTP REQUEST POST https://www.googleapis.com/oauth2/v3/token  
 <request body omitted>
[debug] [2021-04-15T10:52:19.421Z] <<< HTTP RESPONSE 200 {"cache-control":"no-cache, no-store, max-age=0, must-revalidate","pragma":"no-cache","date":"Thu, 15 Apr 2021 10:52:19 GMT","expires":"Mon, 01 Jan 1990 00:00:00 GMT","content-type":"application/json; charset=utf-8","vary":"X-Origin, Referer, Origin,Accept-Encoding","server":"scaffolding on HTTPServer2","x-xss-protection":"0","x-frame-options":"SAMEORIGIN","x-content-type-options":"nosniff","alt-svc":"h3-29=\":443\"; ma=2592000,h3-T051=\":443\"; ma=2592000,h3-Q050=\":443\"; ma=2592000,h3-Q046=\":443\"; ma=2592000,h3-Q043=\":443\"; ma=2592000,quic=\":443\"; ma=2592000; v=\"46,43\"","accept-ranges":"none","transfer-encoding":"chunked"}
[debug] [2021-04-15T10:52:19.452Z] >>> [apiv2][query] GET https://cloudfunctions.googleapis.com/v1/operations/bnVkZ2UtMmU4MmUvdXMtY2VudHJhbDEvYWRkQ29udGFjdC93SFdiQUV4bEpuVQ [none]
